22/05/2014 16:30:08 [INFO] Correo enviado correctamente a la dirección: info@electrosoft2001.es
22/05/2014 16:30:39 [INFO] Correo enviado correctamente a la dirección: rrhh@sistects.es
22/05/2014 16:31:06 [INFO] Correo enviado correctamente a la dirección: ivelazquezg@axpe.com
22/05/2014 16:31:37 [INFO] Correo enviado correctamente a la dirección: axpeodnorte@axpe.com
22/05/2014 16:32:10 [INFO] Correo enviado correctamente a la dirección: salanueva@noraybio.com
22/05/2014 16:32:41 [INFO] Correo enviado correctamente a la dirección: e.ugarte.munoz@ibermatica.com
22/05/2014 16:33:08 [INFO] Correo enviado correctamente a la dirección: i.azpiri@ibermatica.com
22/05/2014 16:33:37 [INFO] Correo enviado correctamente a la dirección: eanton@desinor.net
22/05/2014 16:34:09 [INFO] Correo enviado correctamente a la dirección: desinordata@desinor.net
22/05/2014 16:34:37 [INFO] Correo enviado correctamente a la dirección: thaumat@thaumat.com
22/05/2014 16:35:07 [INFO] Correo enviado correctamente a la dirección: jmvazquez@biharsoft.com
22/05/2014 16:35:42 [INFO] Correo enviado correctamente a la dirección: ccg@grupodigital.net
22/05/2014 16:36:17 [INFO] Correo enviado correctamente a la dirección: empleo@solmicro.com
22/05/2014 16:36:54 [INFO] Correo enviado correctamente a la dirección: ingenieria.bilbao@ziv.es
22/05/2014 16:39:07 [INFO] Correo enviado correctamente a la dirección: seleccion@cmvconsultores.com
22/05/2014 16:39:36 [INFO] Correo enviado correctamente a la dirección: vrb@grupodigital.net
22/05/2014 16:40:06 [INFO] Correo enviado correctamente a la dirección: info@avangroup.com
22/05/2014 16:40:36 [INFO] Correo enviado correctamente a la dirección: info@nextel.es
22/05/2014 16:41:05 [INFO] Correo enviado correctamente a la dirección: es-drh@atos.net
22/05/2014 16:41:34 [INFO] Correo enviado correctamente a la dirección: ana.lerma@thalesgroup.com
22/05/2014 16:42:02 [INFO] Correo enviado correctamente a la dirección: eagudo@consultec.es
22/05/2014 16:42:32 [INFO] Correo enviado correctamente a la dirección: info@b2b2000.com
22/05/2014 16:43:03 [INFO] Correo enviado correctamente a la dirección: oficina@dis-process.com
22/05/2014 16:43:39 [INFO] Correo enviado correctamente a la dirección: rrhh@sisteplant.com
22/05/2014 16:44:09 [INFO] Correo enviado correctamente a la dirección: rrhh@ekasa.net
22/05/2014 16:44:38 [INFO] Correo enviado correctamente a la dirección: rrhh@keopsconsulting.com
22/05/2014 16:45:09 [INFO] Correo enviado correctamente a la dirección: rrhh@izertis.com
22/05/2014 16:45:37 [INFO] Correo enviado correctamente a la dirección: rrhh@bilbomatica.es
22/05/2014 16:46:08 [INFO] Correo enviado correctamente a la dirección: CV@consultec.es
22/05/2014 16:46:38 [INFO] Correo enviado correctamente a la dirección: raquel.mangas@randstad.es
22/05/2014 16:47:35 [INFO] Correo enviado correctamente a la dirección: info@emedica.es
22/05/2014 16:48:05 [INFO] Correo enviado correctamente a la dirección: rr.hh@derten.com
22/05/2014 16:48:35 [INFO] Correo enviado correctamente a la dirección: agmsoft@agmsoft.biz
22/05/2014 16:49:03 [INFO] Correo enviado correctamente a la dirección: cv@i3einformatica.com
22/05/2014 16:49:31 [INFO] Correo enviado correctamente a la dirección: lrecarte@nts-solutions.com
22/05/2014 16:49:59 [INFO] Correo enviado correctamente a la dirección: RRHH@lantek.es
