10/09/2015 17:05:33 [LERROR] Error de envío:\n
	El servidor SMTP requiere una conexión segura o el cliente no se autenticó. La respuesta del servidor fue: 5.7.1 Authentication required
	System.Net.Mail.SmtpException: El servidor SMTP requiere una conexión segura o el cliente no se autenticó. La respuesta del servidor fue: 5.7.1 Authentication required
   en System.Net.Mail.MailCommand.CheckResponse(SmtpStatusCode statusCode, String response)
   en System.Net.Mail.MailCommand.Send(SmtpConnection conn, Byte[] command, String from)
   en System.Net.Mail.SmtpTransport.SendMail(MailAddress sender, MailAddressCollection recipients, String deliveryNotify, SmtpFailedRecipientException& exception)
   en System.Net.Mail.SmtpClient.Send(MailMessage message)
   en EnvioEmail.frmPrincipal.EnvioMails(String sMail, Int32 progreso, Int32 total)
10/09/2015 17:05:56 [LERROR] Error de envío:\n
	El servidor SMTP requiere una conexión segura o el cliente no se autenticó. La respuesta del servidor fue: 5.7.1 Authentication required
	System.Net.Mail.SmtpException: El servidor SMTP requiere una conexión segura o el cliente no se autenticó. La respuesta del servidor fue: 5.7.1 Authentication required
   en System.Net.Mail.MailCommand.CheckResponse(SmtpStatusCode statusCode, String response)
   en System.Net.Mail.MailCommand.Send(SmtpConnection conn, Byte[] command, String from)
   en System.Net.Mail.SmtpTransport.SendMail(MailAddress sender, MailAddressCollection recipients, String deliveryNotify, SmtpFailedRecipientException& exception)
   en System.Net.Mail.SmtpClient.Send(MailMessage message)
   en EnvioEmail.frmPrincipal.EnvioMails(String sMail, Int32 progreso, Int32 total)
10/09/2015 17:06:22 [LERROR] Error de envío:\n
	El servidor SMTP requiere una conexión segura o el cliente no se autenticó. La respuesta del servidor fue: 5.7.1 Authentication required
	System.Net.Mail.SmtpException: El servidor SMTP requiere una conexión segura o el cliente no se autenticó. La respuesta del servidor fue: 5.7.1 Authentication required
   en System.Net.Mail.MailCommand.CheckResponse(SmtpStatusCode statusCode, String response)
   en System.Net.Mail.MailCommand.Send(SmtpConnection conn, Byte[] command, String from)
   en System.Net.Mail.SmtpTransport.SendMail(MailAddress sender, MailAddressCollection recipients, String deliveryNotify, SmtpFailedRecipientException& exception)
   en System.Net.Mail.SmtpClient.Send(MailMessage message)
   en EnvioEmail.frmPrincipal.EnvioMails(String sMail, Int32 progreso, Int32 total)
10/09/2015 17:06:42 [LERROR] Error de envío:\n
	El servidor SMTP requiere una conexión segura o el cliente no se autenticó. La respuesta del servidor fue: 5.7.1 Authentication required
	System.Net.Mail.SmtpException: El servidor SMTP requiere una conexión segura o el cliente no se autenticó. La respuesta del servidor fue: 5.7.1 Authentication required
   en System.Net.Mail.MailCommand.CheckResponse(SmtpStatusCode statusCode, String response)
   en System.Net.Mail.MailCommand.Send(SmtpConnection conn, Byte[] command, String from)
   en System.Net.Mail.SmtpTransport.SendMail(MailAddress sender, MailAddressCollection recipients, String deliveryNotify, SmtpFailedRecipientException& exception)
   en System.Net.Mail.SmtpClient.Send(MailMessage message)
   en EnvioEmail.frmPrincipal.EnvioMails(String sMail, Int32 progreso, Int32 total)
10/09/2015 17:07:02 [LERROR] Error de envío:\n
	El servidor SMTP requiere una conexión segura o el cliente no se autenticó. La respuesta del servidor fue: 5.7.1 Authentication required
	System.Net.Mail.SmtpException: El servidor SMTP requiere una conexión segura o el cliente no se autenticó. La respuesta del servidor fue: 5.7.1 Authentication required
   en System.Net.Mail.MailCommand.CheckResponse(SmtpStatusCode statusCode, String response)
   en System.Net.Mail.MailCommand.Send(SmtpConnection conn, Byte[] command, String from)
   en System.Net.Mail.SmtpTransport.SendMail(MailAddress sender, MailAddressCollection recipients, String deliveryNotify, SmtpFailedRecipientException& exception)
   en System.Net.Mail.SmtpClient.Send(MailMessage message)
   en EnvioEmail.frmPrincipal.EnvioMails(String sMail, Int32 progreso, Int32 total)
10/09/2015 17:07:19 [LERROR] Error de envío:\n
	El servidor SMTP requiere una conexión segura o el cliente no se autenticó. La respuesta del servidor fue: 5.7.1 Authentication required
	System.Net.Mail.SmtpException: El servidor SMTP requiere una conexión segura o el cliente no se autenticó. La respuesta del servidor fue: 5.7.1 Authentication required
   en System.Net.Mail.MailCommand.CheckResponse(SmtpStatusCode statusCode, String response)
   en System.Net.Mail.MailCommand.Send(SmtpConnection conn, Byte[] command, String from)
   en System.Net.Mail.SmtpTransport.SendMail(MailAddress sender, MailAddressCollection recipients, String deliveryNotify, SmtpFailedRecipientException& exception)
   en System.Net.Mail.SmtpClient.Send(MailMessage message)
   en EnvioEmail.frmPrincipal.EnvioMails(String sMail, Int32 progreso, Int32 total)
10/09/2015 17:07:58 [LERROR] Error de envío:\n
	El servidor SMTP requiere una conexión segura o el cliente no se autenticó. La respuesta del servidor fue: 5.7.1 Authentication required
	System.Net.Mail.SmtpException: El servidor SMTP requiere una conexión segura o el cliente no se autenticó. La respuesta del servidor fue: 5.7.1 Authentication required
   en System.Net.Mail.MailCommand.CheckResponse(SmtpStatusCode statusCode, String response)
   en System.Net.Mail.MailCommand.Send(SmtpConnection conn, Byte[] command, String from)
   en System.Net.Mail.SmtpTransport.SendMail(MailAddress sender, MailAddressCollection recipients, String deliveryNotify, SmtpFailedRecipientException& exception)
   en System.Net.Mail.SmtpClient.Send(MailMessage message)
   en EnvioEmail.frmPrincipal.EnvioMails(String sMail, Int32 progreso, Int32 total)
10/09/2015 17:08:13 [LERROR] Error de envío:\n
	El servidor SMTP requiere una conexión segura o el cliente no se autenticó. La respuesta del servidor fue: 5.7.1 Authentication required
	System.Net.Mail.SmtpException: El servidor SMTP requiere una conexión segura o el cliente no se autenticó. La respuesta del servidor fue: 5.7.1 Authentication required
   en System.Net.Mail.MailCommand.CheckResponse(SmtpStatusCode statusCode, String response)
   en System.Net.Mail.MailCommand.Send(SmtpConnection conn, Byte[] command, String from)
   en System.Net.Mail.SmtpTransport.SendMail(MailAddress sender, MailAddressCollection recipients, String deliveryNotify, SmtpFailedRecipientException& exception)
   en System.Net.Mail.SmtpClient.Send(MailMessage message)
   en EnvioEmail.frmPrincipal.EnvioMails(String sMail, Int32 progreso, Int32 total)
10/09/2015 17:08:31 [LERROR] Error de envío:\n
	El servidor SMTP requiere una conexión segura o el cliente no se autenticó. La respuesta del servidor fue: 5.7.1 Authentication required
	System.Net.Mail.SmtpException: El servidor SMTP requiere una conexión segura o el cliente no se autenticó. La respuesta del servidor fue: 5.7.1 Authentication required
   en System.Net.Mail.MailCommand.CheckResponse(SmtpStatusCode statusCode, String response)
   en System.Net.Mail.MailCommand.Send(SmtpConnection conn, Byte[] command, String from)
   en System.Net.Mail.SmtpTransport.SendMail(MailAddress sender, MailAddressCollection recipients, String deliveryNotify, SmtpFailedRecipientException& exception)
   en System.Net.Mail.SmtpClient.Send(MailMessage message)
   en EnvioEmail.frmPrincipal.EnvioMails(String sMail, Int32 progreso, Int32 total)
10/09/2015 17:10:11 [LERROR] Error de envío:\n
	Se excedió el tiempo de espera de la operación.
	System.Net.Mail.SmtpException: Se excedió el tiempo de espera de la operación.
   en System.Net.Mail.SmtpClient.Send(MailMessage message)
   en EnvioEmail.frmPrincipal.EnvioMails(String sMail, Int32 progreso, Int32 total)
10/09/2015 17:11:49 [LERROR] Error de envío:\n
	Error al enviar correo.
	System.Net.Mail.SmtpException: Error al enviar correo. ---> System.IO.IOException: No se puede escribir datos de en la conexión de transporte: net_io_connectionclosed.
   en System.Net.Mail.SmtpReplyReaderFactory.ProcessRead(Byte[] buffer, Int32 offset, Int32 read, Boolean readLine)
   en System.Net.Mail.SmtpReplyReaderFactory.ReadLines(SmtpReplyReader caller, Boolean oneLine)
   en System.Net.Mail.ReadLinesCommand.Send(SmtpConnection conn)
   en System.Net.Mail.EHelloCommand.Send(SmtpConnection conn, String domain)
   en System.Net.Mail.SmtpConnection.GetConnection(String host, Int32 port)
   en System.Net.Mail.SmtpTransport.GetConnection(String host, Int32 port)
   en System.Net.Mail.SmtpClient.GetConnection()
   en System.Net.Mail.SmtpClient.Send(MailMessage message)
   --- Fin del seguimiento de la pila de la excepción interna ---
   en System.Net.Mail.SmtpClient.Send(MailMessage message)
   en EnvioEmail.frmPrincipal.EnvioMails(String sMail, Int32 progreso, Int32 total)
10/09/2015 17:12:25 [LERROR] Error de envío:\n
	El servidor SMTP requiere una conexión segura o el cliente no se autenticó. La respuesta del servidor fue: 5.7.1 Authentication required
	System.Net.Mail.SmtpException: El servidor SMTP requiere una conexión segura o el cliente no se autenticó. La respuesta del servidor fue: 5.7.1 Authentication required
   en System.Net.Mail.MailCommand.CheckResponse(SmtpStatusCode statusCode, String response)
   en System.Net.Mail.MailCommand.Send(SmtpConnection conn, Byte[] command, String from)
   en System.Net.Mail.SmtpTransport.SendMail(MailAddress sender, MailAddressCollection recipients, String deliveryNotify, SmtpFailedRecipientException& exception)
   en System.Net.Mail.SmtpClient.Send(MailMessage message)
   en EnvioEmail.frmPrincipal.EnvioMails(String sMail, Int32 progreso, Int32 total)
10/09/2015 17:12:54 [LERROR] Error de envío:\n
	El servidor SMTP requiere una conexión segura o el cliente no se autenticó. La respuesta del servidor fue: 5.7.1 Authentication required
	System.Net.Mail.SmtpException: El servidor SMTP requiere una conexión segura o el cliente no se autenticó. La respuesta del servidor fue: 5.7.1 Authentication required
   en System.Net.Mail.MailCommand.CheckResponse(SmtpStatusCode statusCode, String response)
   en System.Net.Mail.MailCommand.Send(SmtpConnection conn, Byte[] command, String from)
   en System.Net.Mail.SmtpTransport.SendMail(MailAddress sender, MailAddressCollection recipients, String deliveryNotify, SmtpFailedRecipientException& exception)
   en System.Net.Mail.SmtpClient.Send(MailMessage message)
   en EnvioEmail.frmPrincipal.EnvioMails(String sMail, Int32 progreso, Int32 total)
10/09/2015 17:13:11 [LERROR] Error de envío:\n
	El servidor SMTP requiere una conexión segura o el cliente no se autenticó. La respuesta del servidor fue: 5.7.1 Authentication required
	System.Net.Mail.SmtpException: El servidor SMTP requiere una conexión segura o el cliente no se autenticó. La respuesta del servidor fue: 5.7.1 Authentication required
   en System.Net.Mail.MailCommand.CheckResponse(SmtpStatusCode statusCode, String response)
   en System.Net.Mail.MailCommand.Send(SmtpConnection conn, Byte[] command, String from)
   en System.Net.Mail.SmtpTransport.SendMail(MailAddress sender, MailAddressCollection recipients, String deliveryNotify, SmtpFailedRecipientException& exception)
   en System.Net.Mail.SmtpClient.Send(MailMessage message)
   en EnvioEmail.frmPrincipal.EnvioMails(String sMail, Int32 progreso, Int32 total)
10/09/2015 17:14:11 [LERROR] Error de envío:\n
	El servidor SMTP requiere una conexión segura o el cliente no se autenticó. La respuesta del servidor fue: 5.7.1 Authentication required
	System.Net.Mail.SmtpException: El servidor SMTP requiere una conexión segura o el cliente no se autenticó. La respuesta del servidor fue: 5.7.1 Authentication required
   en System.Net.Mail.MailCommand.CheckResponse(SmtpStatusCode statusCode, String response)
   en System.Net.Mail.MailCommand.Send(SmtpConnection conn, Byte[] command, String from)
   en System.Net.Mail.SmtpTransport.SendMail(MailAddress sender, MailAddressCollection recipients, String deliveryNotify, SmtpFailedRecipientException& exception)
   en System.Net.Mail.SmtpClient.Send(MailMessage message)
   en EnvioEmail.frmPrincipal.EnvioMails(String sMail, Int32 progreso, Int32 total)
10/09/2015 17:15:16 [LERROR] Error de envío:\n
	El servidor SMTP requiere una conexión segura o el cliente no se autenticó. La respuesta del servidor fue: 5.7.1 Authentication required
	System.Net.Mail.SmtpException: El servidor SMTP requiere una conexión segura o el cliente no se autenticó. La respuesta del servidor fue: 5.7.1 Authentication required
   en System.Net.Mail.MailCommand.CheckResponse(SmtpStatusCode statusCode, String response)
   en System.Net.Mail.MailCommand.Send(SmtpConnection conn, Byte[] command, String from)
   en System.Net.Mail.SmtpTransport.SendMail(MailAddress sender, MailAddressCollection recipients, String deliveryNotify, SmtpFailedRecipientException& exception)
   en System.Net.Mail.SmtpClient.Send(MailMessage message)
   en EnvioEmail.frmPrincipal.EnvioMails(String sMail, Int32 progreso, Int32 total)
10/09/2015 17:16:26 [LERROR] Error de envío:\n
	El servidor SMTP requiere una conexión segura o el cliente no se autenticó. La respuesta del servidor fue: 5.7.1 Authentication required
	System.Net.Mail.SmtpException: El servidor SMTP requiere una conexión segura o el cliente no se autenticó. La respuesta del servidor fue: 5.7.1 Authentication required
   en System.Net.Mail.MailCommand.CheckResponse(SmtpStatusCode statusCode, String response)
   en System.Net.Mail.MailCommand.Send(SmtpConnection conn, Byte[] command, String from)
   en System.Net.Mail.SmtpTransport.SendMail(MailAddress sender, MailAddressCollection recipients, String deliveryNotify, SmtpFailedRecipientException& exception)
   en System.Net.Mail.SmtpClient.Send(MailMessage message)
   en EnvioEmail.frmPrincipal.EnvioMails(String sMail, Int32 progreso, Int32 total)
10/09/2015 17:17:01 [LERROR] Error de envío:\n
	El servidor SMTP requiere una conexión segura o el cliente no se autenticó. La respuesta del servidor fue: 5.7.1 Authentication required
	System.Net.Mail.SmtpException: El servidor SMTP requiere una conexión segura o el cliente no se autenticó. La respuesta del servidor fue: 5.7.1 Authentication required
   en System.Net.Mail.MailCommand.CheckResponse(SmtpStatusCode statusCode, String response)
   en System.Net.Mail.MailCommand.Send(SmtpConnection conn, Byte[] command, String from)
   en System.Net.Mail.SmtpTransport.SendMail(MailAddress sender, MailAddressCollection recipients, String deliveryNotify, SmtpFailedRecipientException& exception)
   en System.Net.Mail.SmtpClient.Send(MailMessage message)
   en EnvioEmail.frmPrincipal.EnvioMails(String sMail, Int32 progreso, Int32 total)
10/09/2015 17:17:27 [LERROR] Error de envío:\n
	El servidor SMTP requiere una conexión segura o el cliente no se autenticó. La respuesta del servidor fue: 5.7.1 Authentication required
	System.Net.Mail.SmtpException: El servidor SMTP requiere una conexión segura o el cliente no se autenticó. La respuesta del servidor fue: 5.7.1 Authentication required
   en System.Net.Mail.MailCommand.CheckResponse(SmtpStatusCode statusCode, String response)
   en System.Net.Mail.MailCommand.Send(SmtpConnection conn, Byte[] command, String from)
   en System.Net.Mail.SmtpTransport.SendMail(MailAddress sender, MailAddressCollection recipients, String deliveryNotify, SmtpFailedRecipientException& exception)
   en System.Net.Mail.SmtpClient.Send(MailMessage message)
   en EnvioEmail.frmPrincipal.EnvioMails(String sMail, Int32 progreso, Int32 total)
10/09/2015 17:17:45 [LERROR] Error de envío:\n
	El servidor SMTP requiere una conexión segura o el cliente no se autenticó. La respuesta del servidor fue: 5.7.1 Authentication required
	System.Net.Mail.SmtpException: El servidor SMTP requiere una conexión segura o el cliente no se autenticó. La respuesta del servidor fue: 5.7.1 Authentication required
   en System.Net.Mail.MailCommand.CheckResponse(SmtpStatusCode statusCode, String response)
   en System.Net.Mail.MailCommand.Send(SmtpConnection conn, Byte[] command, String from)
   en System.Net.Mail.SmtpTransport.SendMail(MailAddress sender, MailAddressCollection recipients, String deliveryNotify, SmtpFailedRecipientException& exception)
   en System.Net.Mail.SmtpClient.Send(MailMessage message)
   en EnvioEmail.frmPrincipal.EnvioMails(String sMail, Int32 progreso, Int32 total)
10/09/2015 17:18:11 [LERROR] Error de envío:\n
	El servidor SMTP requiere una conexión segura o el cliente no se autenticó. La respuesta del servidor fue: 5.7.1 Authentication required
	System.Net.Mail.SmtpException: El servidor SMTP requiere una conexión segura o el cliente no se autenticó. La respuesta del servidor fue: 5.7.1 Authentication required
   en System.Net.Mail.MailCommand.CheckResponse(SmtpStatusCode statusCode, String response)
   en System.Net.Mail.MailCommand.Send(SmtpConnection conn, Byte[] command, String from)
   en System.Net.Mail.SmtpTransport.SendMail(MailAddress sender, MailAddressCollection recipients, String deliveryNotify, SmtpFailedRecipientException& exception)
   en System.Net.Mail.SmtpClient.Send(MailMessage message)
   en EnvioEmail.frmPrincipal.EnvioMails(String sMail, Int32 progreso, Int32 total)
10/09/2015 17:18:33 [LERROR] Error de envío:\n
	El servidor SMTP requiere una conexión segura o el cliente no se autenticó. La respuesta del servidor fue: 5.7.1 Authentication required
	System.Net.Mail.SmtpException: El servidor SMTP requiere una conexión segura o el cliente no se autenticó. La respuesta del servidor fue: 5.7.1 Authentication required
   en System.Net.Mail.MailCommand.CheckResponse(SmtpStatusCode statusCode, String response)
   en System.Net.Mail.MailCommand.Send(SmtpConnection conn, Byte[] command, String from)
   en System.Net.Mail.SmtpTransport.SendMail(MailAddress sender, MailAddressCollection recipients, String deliveryNotify, SmtpFailedRecipientException& exception)
   en System.Net.Mail.SmtpClient.Send(MailMessage message)
   en EnvioEmail.frmPrincipal.EnvioMails(String sMail, Int32 progreso, Int32 total)
10/09/2015 17:19:07 [LERROR] Error de envío:\n
	El servidor SMTP requiere una conexión segura o el cliente no se autenticó. La respuesta del servidor fue: 5.7.1 Authentication required
	System.Net.Mail.SmtpException: El servidor SMTP requiere una conexión segura o el cliente no se autenticó. La respuesta del servidor fue: 5.7.1 Authentication required
   en System.Net.Mail.MailCommand.CheckResponse(SmtpStatusCode statusCode, String response)
   en System.Net.Mail.MailCommand.Send(SmtpConnection conn, Byte[] command, String from)
   en System.Net.Mail.SmtpTransport.SendMail(MailAddress sender, MailAddressCollection recipients, String deliveryNotify, SmtpFailedRecipientException& exception)
   en System.Net.Mail.SmtpClient.Send(MailMessage message)
   en EnvioEmail.frmPrincipal.EnvioMails(String sMail, Int32 progreso, Int32 total)
10/09/2015 17:19:29 [LERROR] Error de envío:\n
	El servidor SMTP requiere una conexión segura o el cliente no se autenticó. La respuesta del servidor fue: 5.7.1 Authentication required
	System.Net.Mail.SmtpException: El servidor SMTP requiere una conexión segura o el cliente no se autenticó. La respuesta del servidor fue: 5.7.1 Authentication required
   en System.Net.Mail.MailCommand.CheckResponse(SmtpStatusCode statusCode, String response)
   en System.Net.Mail.MailCommand.Send(SmtpConnection conn, Byte[] command, String from)
   en System.Net.Mail.SmtpTransport.SendMail(MailAddress sender, MailAddressCollection recipients, String deliveryNotify, SmtpFailedRecipientException& exception)
   en System.Net.Mail.SmtpClient.Send(MailMessage message)
   en EnvioEmail.frmPrincipal.EnvioMails(String sMail, Int32 progreso, Int32 total)
10/09/2015 17:20:03 [LERROR] Error de envío:\n
	El servidor SMTP requiere una conexión segura o el cliente no se autenticó. La respuesta del servidor fue: 5.7.1 Authentication required
	System.Net.Mail.SmtpException: El servidor SMTP requiere una conexión segura o el cliente no se autenticó. La respuesta del servidor fue: 5.7.1 Authentication required
   en System.Net.Mail.MailCommand.CheckResponse(SmtpStatusCode statusCode, String response)
   en System.Net.Mail.MailCommand.Send(SmtpConnection conn, Byte[] command, String from)
   en System.Net.Mail.SmtpTransport.SendMail(MailAddress sender, MailAddressCollection recipients, String deliveryNotify, SmtpFailedRecipientException& exception)
   en System.Net.Mail.SmtpClient.Send(MailMessage message)
   en EnvioEmail.frmPrincipal.EnvioMails(String sMail, Int32 progreso, Int32 total)
10/09/2015 17:20:40 [LERROR] Error de envío:\n
	El servidor SMTP requiere una conexión segura o el cliente no se autenticó. La respuesta del servidor fue: 5.7.1 Authentication required
	System.Net.Mail.SmtpException: El servidor SMTP requiere una conexión segura o el cliente no se autenticó. La respuesta del servidor fue: 5.7.1 Authentication required
   en System.Net.Mail.MailCommand.CheckResponse(SmtpStatusCode statusCode, String response)
   en System.Net.Mail.MailCommand.Send(SmtpConnection conn, Byte[] command, String from)
   en System.Net.Mail.SmtpTransport.SendMail(MailAddress sender, MailAddressCollection recipients, String deliveryNotify, SmtpFailedRecipientException& exception)
   en System.Net.Mail.SmtpClient.Send(MailMessage message)
   en EnvioEmail.frmPrincipal.EnvioMails(String sMail, Int32 progreso, Int32 total)
10/09/2015 17:20:54 [LERROR] Error de envío:\n
	El servidor SMTP requiere una conexión segura o el cliente no se autenticó. La respuesta del servidor fue: 5.7.1 Authentication required
	System.Net.Mail.SmtpException: El servidor SMTP requiere una conexión segura o el cliente no se autenticó. La respuesta del servidor fue: 5.7.1 Authentication required
   en System.Net.Mail.MailCommand.CheckResponse(SmtpStatusCode statusCode, String response)
   en System.Net.Mail.MailCommand.Send(SmtpConnection conn, Byte[] command, String from)
   en System.Net.Mail.SmtpTransport.SendMail(MailAddress sender, MailAddressCollection recipients, String deliveryNotify, SmtpFailedRecipientException& exception)
   en System.Net.Mail.SmtpClient.Send(MailMessage message)
   en EnvioEmail.frmPrincipal.EnvioMails(String sMail, Int32 progreso, Int32 total)
10/09/2015 17:21:10 [LERROR] Error de envío:\n
	El servidor SMTP requiere una conexión segura o el cliente no se autenticó. La respuesta del servidor fue: 5.7.1 Authentication required
	System.Net.Mail.SmtpException: El servidor SMTP requiere una conexión segura o el cliente no se autenticó. La respuesta del servidor fue: 5.7.1 Authentication required
   en System.Net.Mail.MailCommand.CheckResponse(SmtpStatusCode statusCode, String response)
   en System.Net.Mail.MailCommand.Send(SmtpConnection conn, Byte[] command, String from)
   en System.Net.Mail.SmtpTransport.SendMail(MailAddress sender, MailAddressCollection recipients, String deliveryNotify, SmtpFailedRecipientException& exception)
   en System.Net.Mail.SmtpClient.Send(MailMessage message)
   en EnvioEmail.frmPrincipal.EnvioMails(String sMail, Int32 progreso, Int32 total)
10/09/2015 17:21:29 [LERROR] Error de envío:\n
	El servidor SMTP requiere una conexión segura o el cliente no se autenticó. La respuesta del servidor fue: 5.7.1 Authentication required
	System.Net.Mail.SmtpException: El servidor SMTP requiere una conexión segura o el cliente no se autenticó. La respuesta del servidor fue: 5.7.1 Authentication required
   en System.Net.Mail.MailCommand.CheckResponse(SmtpStatusCode statusCode, String response)
   en System.Net.Mail.MailCommand.Send(SmtpConnection conn, Byte[] command, String from)
   en System.Net.Mail.SmtpTransport.SendMail(MailAddress sender, MailAddressCollection recipients, String deliveryNotify, SmtpFailedRecipientException& exception)
   en System.Net.Mail.SmtpClient.Send(MailMessage message)
   en EnvioEmail.frmPrincipal.EnvioMails(String sMail, Int32 progreso, Int32 total)
10/09/2015 17:21:45 [LERROR] Error de envío:\n
	El servidor SMTP requiere una conexión segura o el cliente no se autenticó. La respuesta del servidor fue: 5.7.1 Authentication required
	System.Net.Mail.SmtpException: El servidor SMTP requiere una conexión segura o el cliente no se autenticó. La respuesta del servidor fue: 5.7.1 Authentication required
   en System.Net.Mail.MailCommand.CheckResponse(SmtpStatusCode statusCode, String response)
   en System.Net.Mail.MailCommand.Send(SmtpConnection conn, Byte[] command, String from)
   en System.Net.Mail.SmtpTransport.SendMail(MailAddress sender, MailAddressCollection recipients, String deliveryNotify, SmtpFailedRecipientException& exception)
   en System.Net.Mail.SmtpClient.Send(MailMessage message)
   en EnvioEmail.frmPrincipal.EnvioMails(String sMail, Int32 progreso, Int32 total)
10/09/2015 17:22:24 [LERROR] Error de envío:\n
	El servidor SMTP requiere una conexión segura o el cliente no se autenticó. La respuesta del servidor fue: 5.7.1 Authentication required
	System.Net.Mail.SmtpException: El servidor SMTP requiere una conexión segura o el cliente no se autenticó. La respuesta del servidor fue: 5.7.1 Authentication required
   en System.Net.Mail.MailCommand.CheckResponse(SmtpStatusCode statusCode, String response)
   en System.Net.Mail.MailCommand.Send(SmtpConnection conn, Byte[] command, String from)
   en System.Net.Mail.SmtpTransport.SendMail(MailAddress sender, MailAddressCollection recipients, String deliveryNotify, SmtpFailedRecipientException& exception)
   en System.Net.Mail.SmtpClient.Send(MailMessage message)
   en EnvioEmail.frmPrincipal.EnvioMails(String sMail, Int32 progreso, Int32 total)
10/09/2015 17:22:59 [LERROR] Error de envío:\n
	El servidor SMTP requiere una conexión segura o el cliente no se autenticó. La respuesta del servidor fue: 5.7.1 Authentication required
	System.Net.Mail.SmtpException: El servidor SMTP requiere una conexión segura o el cliente no se autenticó. La respuesta del servidor fue: 5.7.1 Authentication required
   en System.Net.Mail.MailCommand.CheckResponse(SmtpStatusCode statusCode, String response)
   en System.Net.Mail.MailCommand.Send(SmtpConnection conn, Byte[] command, String from)
   en System.Net.Mail.SmtpTransport.SendMail(MailAddress sender, MailAddressCollection recipients, String deliveryNotify, SmtpFailedRecipientException& exception)
   en System.Net.Mail.SmtpClient.Send(MailMessage message)
   en EnvioEmail.frmPrincipal.EnvioMails(String sMail, Int32 progreso, Int32 total)
10/09/2015 17:23:24 [LERROR] Error de envío:\n
	El servidor SMTP requiere una conexión segura o el cliente no se autenticó. La respuesta del servidor fue: 5.7.1 Authentication required
	System.Net.Mail.SmtpException: El servidor SMTP requiere una conexión segura o el cliente no se autenticó. La respuesta del servidor fue: 5.7.1 Authentication required
   en System.Net.Mail.MailCommand.CheckResponse(SmtpStatusCode statusCode, String response)
   en System.Net.Mail.MailCommand.Send(SmtpConnection conn, Byte[] command, String from)
   en System.Net.Mail.SmtpTransport.SendMail(MailAddress sender, MailAddressCollection recipients, String deliveryNotify, SmtpFailedRecipientException& exception)
   en System.Net.Mail.SmtpClient.Send(MailMessage message)
   en EnvioEmail.frmPrincipal.EnvioMails(String sMail, Int32 progreso, Int32 total)
10/09/2015 17:23:51 [LERROR] Error de envío:\n
	El servidor SMTP requiere una conexión segura o el cliente no se autenticó. La respuesta del servidor fue: 5.7.1 Authentication required
	System.Net.Mail.SmtpException: El servidor SMTP requiere una conexión segura o el cliente no se autenticó. La respuesta del servidor fue: 5.7.1 Authentication required
   en System.Net.Mail.MailCommand.CheckResponse(SmtpStatusCode statusCode, String response)
   en System.Net.Mail.MailCommand.Send(SmtpConnection conn, Byte[] command, String from)
   en System.Net.Mail.SmtpTransport.SendMail(MailAddress sender, MailAddressCollection recipients, String deliveryNotify, SmtpFailedRecipientException& exception)
   en System.Net.Mail.SmtpClient.Send(MailMessage message)
   en EnvioEmail.frmPrincipal.EnvioMails(String sMail, Int32 progreso, Int32 total)
10/09/2015 17:24:16 [LERROR] Error de envío:\n
	El servidor SMTP requiere una conexión segura o el cliente no se autenticó. La respuesta del servidor fue: 5.7.1 Authentication required
	System.Net.Mail.SmtpException: El servidor SMTP requiere una conexión segura o el cliente no se autenticó. La respuesta del servidor fue: 5.7.1 Authentication required
   en System.Net.Mail.MailCommand.CheckResponse(SmtpStatusCode statusCode, String response)
   en System.Net.Mail.MailCommand.Send(SmtpConnection conn, Byte[] command, String from)
   en System.Net.Mail.SmtpTransport.SendMail(MailAddress sender, MailAddressCollection recipients, String deliveryNotify, SmtpFailedRecipientException& exception)
   en System.Net.Mail.SmtpClient.Send(MailMessage message)
   en EnvioEmail.frmPrincipal.EnvioMails(String sMail, Int32 progreso, Int32 total)
10/09/2015 17:24:40 [LERROR] Error de envío:\n
	El servidor SMTP requiere una conexión segura o el cliente no se autenticó. La respuesta del servidor fue: 5.7.1 Authentication required
	System.Net.Mail.SmtpException: El servidor SMTP requiere una conexión segura o el cliente no se autenticó. La respuesta del servidor fue: 5.7.1 Authentication required
   en System.Net.Mail.MailCommand.CheckResponse(SmtpStatusCode statusCode, String response)
   en System.Net.Mail.MailCommand.Send(SmtpConnection conn, Byte[] command, String from)
   en System.Net.Mail.SmtpTransport.SendMail(MailAddress sender, MailAddressCollection recipients, String deliveryNotify, SmtpFailedRecipientException& exception)
   en System.Net.Mail.SmtpClient.Send(MailMessage message)
   en EnvioEmail.frmPrincipal.EnvioMails(String sMail, Int32 progreso, Int32 total)
10/09/2015 17:24:54 [LERROR] Error de envío:\n
	El servidor SMTP requiere una conexión segura o el cliente no se autenticó. La respuesta del servidor fue: 5.7.1 Authentication required
	System.Net.Mail.SmtpException: El servidor SMTP requiere una conexión segura o el cliente no se autenticó. La respuesta del servidor fue: 5.7.1 Authentication required
   en System.Net.Mail.MailCommand.CheckResponse(SmtpStatusCode statusCode, String response)
   en System.Net.Mail.MailCommand.Send(SmtpConnection conn, Byte[] command, String from)
   en System.Net.Mail.SmtpTransport.SendMail(MailAddress sender, MailAddressCollection recipients, String deliveryNotify, SmtpFailedRecipientException& exception)
   en System.Net.Mail.SmtpClient.Send(MailMessage message)
   en EnvioEmail.frmPrincipal.EnvioMails(String sMail, Int32 progreso, Int32 total)
10/09/2015 17:25:24 [LERROR] Error de envío:\n
	El servidor SMTP requiere una conexión segura o el cliente no se autenticó. La respuesta del servidor fue: 5.7.1 Authentication required
	System.Net.Mail.SmtpException: El servidor SMTP requiere una conexión segura o el cliente no se autenticó. La respuesta del servidor fue: 5.7.1 Authentication required
   en System.Net.Mail.MailCommand.CheckResponse(SmtpStatusCode statusCode, String response)
   en System.Net.Mail.MailCommand.Send(SmtpConnection conn, Byte[] command, String from)
   en System.Net.Mail.SmtpTransport.SendMail(MailAddress sender, MailAddressCollection recipients, String deliveryNotify, SmtpFailedRecipientException& exception)
   en System.Net.Mail.SmtpClient.Send(MailMessage message)
   en EnvioEmail.frmPrincipal.EnvioMails(String sMail, Int32 progreso, Int32 total)
10/09/2015 17:25:49 [LERROR] Error de envío:\n
	El servidor SMTP requiere una conexión segura o el cliente no se autenticó. La respuesta del servidor fue: 5.7.1 Authentication required
	System.Net.Mail.SmtpException: El servidor SMTP requiere una conexión segura o el cliente no se autenticó. La respuesta del servidor fue: 5.7.1 Authentication required
   en System.Net.Mail.MailCommand.CheckResponse(SmtpStatusCode statusCode, String response)
   en System.Net.Mail.MailCommand.Send(SmtpConnection conn, Byte[] command, String from)
   en System.Net.Mail.SmtpTransport.SendMail(MailAddress sender, MailAddressCollection recipients, String deliveryNotify, SmtpFailedRecipientException& exception)
   en System.Net.Mail.SmtpClient.Send(MailMessage message)
   en EnvioEmail.frmPrincipal.EnvioMails(String sMail, Int32 progreso, Int32 total)
10/09/2015 17:27:26 [LERROR] Error de envío:\n
	Error al enviar correo.
	System.Net.Mail.SmtpException: Error al enviar correo. ---> System.IO.IOException: No se puede escribir datos de en la conexión de transporte: net_io_connectionclosed.
   en System.Net.Mail.SmtpReplyReaderFactory.ProcessRead(Byte[] buffer, Int32 offset, Int32 read, Boolean readLine)
   en System.Net.Mail.SmtpReplyReaderFactory.ReadLines(SmtpReplyReader caller, Boolean oneLine)
   en System.Net.Mail.SmtpReplyReaderFactory.ReadLine(SmtpReplyReader caller)
   en System.Net.Mail.CheckCommand.Send(SmtpConnection conn, String& response)
   en System.Net.Mail.StartTlsCommand.Send(SmtpConnection conn)
   en System.Net.Mail.SmtpConnection.GetConnection(String host, Int32 port)
   en System.Net.Mail.SmtpTransport.GetConnection(String host, Int32 port)
   en System.Net.Mail.SmtpClient.GetConnection()
   en System.Net.Mail.SmtpClient.Send(MailMessage message)
   --- Fin del seguimiento de la pila de la excepción interna ---
   en System.Net.Mail.SmtpClient.Send(MailMessage message)
   en EnvioEmail.frmPrincipal.EnvioMails(String sMail, Int32 progreso, Int32 total)
10/09/2015 17:27:53 [LERROR] Error de envío:\n
	El servidor SMTP requiere una conexión segura o el cliente no se autenticó. La respuesta del servidor fue: 5.7.1 Authentication required
	System.Net.Mail.SmtpException: El servidor SMTP requiere una conexión segura o el cliente no se autenticó. La respuesta del servidor fue: 5.7.1 Authentication required
   en System.Net.Mail.MailCommand.CheckResponse(SmtpStatusCode statusCode, String response)
   en System.Net.Mail.MailCommand.Send(SmtpConnection conn, Byte[] command, String from)
   en System.Net.Mail.SmtpTransport.SendMail(MailAddress sender, MailAddressCollection recipients, String deliveryNotify, SmtpFailedRecipientException& exception)
   en System.Net.Mail.SmtpClient.Send(MailMessage message)
   en EnvioEmail.frmPrincipal.EnvioMails(String sMail, Int32 progreso, Int32 total)
10/09/2015 17:28:22 [LERROR] Error de envío:\n
	El servidor SMTP requiere una conexión segura o el cliente no se autenticó. La respuesta del servidor fue: 5.7.1 Authentication required
	System.Net.Mail.SmtpException: El servidor SMTP requiere una conexión segura o el cliente no se autenticó. La respuesta del servidor fue: 5.7.1 Authentication required
   en System.Net.Mail.MailCommand.CheckResponse(SmtpStatusCode statusCode, String response)
   en System.Net.Mail.MailCommand.Send(SmtpConnection conn, Byte[] command, String from)
   en System.Net.Mail.SmtpTransport.SendMail(MailAddress sender, MailAddressCollection recipients, String deliveryNotify, SmtpFailedRecipientException& exception)
   en System.Net.Mail.SmtpClient.Send(MailMessage message)
   en EnvioEmail.frmPrincipal.EnvioMails(String sMail, Int32 progreso, Int32 total)
10/09/2015 17:28:35 [LERROR] Error de envío:\n
	El servidor SMTP requiere una conexión segura o el cliente no se autenticó. La respuesta del servidor fue: 5.7.1 Authentication required
	System.Net.Mail.SmtpException: El servidor SMTP requiere una conexión segura o el cliente no se autenticó. La respuesta del servidor fue: 5.7.1 Authentication required
   en System.Net.Mail.MailCommand.CheckResponse(SmtpStatusCode statusCode, String response)
   en System.Net.Mail.MailCommand.Send(SmtpConnection conn, Byte[] command, String from)
   en System.Net.Mail.SmtpTransport.SendMail(MailAddress sender, MailAddressCollection recipients, String deliveryNotify, SmtpFailedRecipientException& exception)
   en System.Net.Mail.SmtpClient.Send(MailMessage message)
   en EnvioEmail.frmPrincipal.EnvioMails(String sMail, Int32 progreso, Int32 total)
10/09/2015 17:28:53 [LERROR] Error de envío:\n
	El servidor SMTP requiere una conexión segura o el cliente no se autenticó. La respuesta del servidor fue: 5.7.1 Authentication required
	System.Net.Mail.SmtpException: El servidor SMTP requiere una conexión segura o el cliente no se autenticó. La respuesta del servidor fue: 5.7.1 Authentication required
   en System.Net.Mail.MailCommand.CheckResponse(SmtpStatusCode statusCode, String response)
   en System.Net.Mail.MailCommand.Send(SmtpConnection conn, Byte[] command, String from)
   en System.Net.Mail.SmtpTransport.SendMail(MailAddress sender, MailAddressCollection recipients, String deliveryNotify, SmtpFailedRecipientException& exception)
   en System.Net.Mail.SmtpClient.Send(MailMessage message)
   en EnvioEmail.frmPrincipal.EnvioMails(String sMail, Int32 progreso, Int32 total)
10/09/2015 17:29:16 [LERROR] Error de envío:\n
	El servidor SMTP requiere una conexión segura o el cliente no se autenticó. La respuesta del servidor fue: 5.7.1 Authentication required
	System.Net.Mail.SmtpException: El servidor SMTP requiere una conexión segura o el cliente no se autenticó. La respuesta del servidor fue: 5.7.1 Authentication required
   en System.Net.Mail.MailCommand.CheckResponse(SmtpStatusCode statusCode, String response)
   en System.Net.Mail.MailCommand.Send(SmtpConnection conn, Byte[] command, String from)
   en System.Net.Mail.SmtpTransport.SendMail(MailAddress sender, MailAddressCollection recipients, String deliveryNotify, SmtpFailedRecipientException& exception)
   en System.Net.Mail.SmtpClient.Send(MailMessage message)
   en EnvioEmail.frmPrincipal.EnvioMails(String sMail, Int32 progreso, Int32 total)
10/09/2015 17:29:33 [LERROR] Error de envío:\n
	El servidor SMTP requiere una conexión segura o el cliente no se autenticó. La respuesta del servidor fue: 5.7.1 Authentication required
	System.Net.Mail.SmtpException: El servidor SMTP requiere una conexión segura o el cliente no se autenticó. La respuesta del servidor fue: 5.7.1 Authentication required
   en System.Net.Mail.MailCommand.CheckResponse(SmtpStatusCode statusCode, String response)
   en System.Net.Mail.MailCommand.Send(SmtpConnection conn, Byte[] command, String from)
   en System.Net.Mail.SmtpTransport.SendMail(MailAddress sender, MailAddressCollection recipients, String deliveryNotify, SmtpFailedRecipientException& exception)
   en System.Net.Mail.SmtpClient.Send(MailMessage message)
   en EnvioEmail.frmPrincipal.EnvioMails(String sMail, Int32 progreso, Int32 total)
10/09/2015 17:29:53 [LERROR] Error de envío:\n
	El servidor SMTP requiere una conexión segura o el cliente no se autenticó. La respuesta del servidor fue: 5.7.1 Authentication required
	System.Net.Mail.SmtpException: El servidor SMTP requiere una conexión segura o el cliente no se autenticó. La respuesta del servidor fue: 5.7.1 Authentication required
   en System.Net.Mail.MailCommand.CheckResponse(SmtpStatusCode statusCode, String response)
   en System.Net.Mail.MailCommand.Send(SmtpConnection conn, Byte[] command, String from)
   en System.Net.Mail.SmtpTransport.SendMail(MailAddress sender, MailAddressCollection recipients, String deliveryNotify, SmtpFailedRecipientException& exception)
   en System.Net.Mail.SmtpClient.Send(MailMessage message)
   en EnvioEmail.frmPrincipal.EnvioMails(String sMail, Int32 progreso, Int32 total)
10/09/2015 17:30:16 [LERROR] Error de envío:\n
	El servidor SMTP requiere una conexión segura o el cliente no se autenticó. La respuesta del servidor fue: 5.7.1 Authentication required
	System.Net.Mail.SmtpException: El servidor SMTP requiere una conexión segura o el cliente no se autenticó. La respuesta del servidor fue: 5.7.1 Authentication required
   en System.Net.Mail.MailCommand.CheckResponse(SmtpStatusCode statusCode, String response)
   en System.Net.Mail.MailCommand.Send(SmtpConnection conn, Byte[] command, String from)
   en System.Net.Mail.SmtpTransport.SendMail(MailAddress sender, MailAddressCollection recipients, String deliveryNotify, SmtpFailedRecipientException& exception)
   en System.Net.Mail.SmtpClient.Send(MailMessage message)
   en EnvioEmail.frmPrincipal.EnvioMails(String sMail, Int32 progreso, Int32 total)
10/09/2015 17:30:51 [LERROR] Error de envío:\n
	El servidor SMTP requiere una conexión segura o el cliente no se autenticó. La respuesta del servidor fue: 5.7.1 Authentication required
	System.Net.Mail.SmtpException: El servidor SMTP requiere una conexión segura o el cliente no se autenticó. La respuesta del servidor fue: 5.7.1 Authentication required
   en System.Net.Mail.MailCommand.CheckResponse(SmtpStatusCode statusCode, String response)
   en System.Net.Mail.MailCommand.Send(SmtpConnection conn, Byte[] command, String from)
   en System.Net.Mail.SmtpTransport.SendMail(MailAddress sender, MailAddressCollection recipients, String deliveryNotify, SmtpFailedRecipientException& exception)
   en System.Net.Mail.SmtpClient.Send(MailMessage message)
   en EnvioEmail.frmPrincipal.EnvioMails(String sMail, Int32 progreso, Int32 total)
10/09/2015 17:31:15 [LERROR] Error de envío:\n
	El servidor SMTP requiere una conexión segura o el cliente no se autenticó. La respuesta del servidor fue: 5.7.1 Authentication required
	System.Net.Mail.SmtpException: El servidor SMTP requiere una conexión segura o el cliente no se autenticó. La respuesta del servidor fue: 5.7.1 Authentication required
   en System.Net.Mail.MailCommand.CheckResponse(SmtpStatusCode statusCode, String response)
   en System.Net.Mail.MailCommand.Send(SmtpConnection conn, Byte[] command, String from)
   en System.Net.Mail.SmtpTransport.SendMail(MailAddress sender, MailAddressCollection recipients, String deliveryNotify, SmtpFailedRecipientException& exception)
   en System.Net.Mail.SmtpClient.Send(MailMessage message)
   en EnvioEmail.frmPrincipal.EnvioMails(String sMail, Int32 progreso, Int32 total)
10/09/2015 17:31:30 [LERROR] Error de envío:\n
	El servidor SMTP requiere una conexión segura o el cliente no se autenticó. La respuesta del servidor fue: 5.7.1 Authentication required
	System.Net.Mail.SmtpException: El servidor SMTP requiere una conexión segura o el cliente no se autenticó. La respuesta del servidor fue: 5.7.1 Authentication required
   en System.Net.Mail.MailCommand.CheckResponse(SmtpStatusCode statusCode, String response)
   en System.Net.Mail.MailCommand.Send(SmtpConnection conn, Byte[] command, String from)
   en System.Net.Mail.SmtpTransport.SendMail(MailAddress sender, MailAddressCollection recipients, String deliveryNotify, SmtpFailedRecipientException& exception)
   en System.Net.Mail.SmtpClient.Send(MailMessage message)
   en EnvioEmail.frmPrincipal.EnvioMails(String sMail, Int32 progreso, Int32 total)
10/09/2015 17:31:46 [LERROR] Error de envío:\n
	El servidor SMTP requiere una conexión segura o el cliente no se autenticó. La respuesta del servidor fue: 5.7.1 Authentication required
	System.Net.Mail.SmtpException: El servidor SMTP requiere una conexión segura o el cliente no se autenticó. La respuesta del servidor fue: 5.7.1 Authentication required
   en System.Net.Mail.MailCommand.CheckResponse(SmtpStatusCode statusCode, String response)
   en System.Net.Mail.MailCommand.Send(SmtpConnection conn, Byte[] command, String from)
   en System.Net.Mail.SmtpTransport.SendMail(MailAddress sender, MailAddressCollection recipients, String deliveryNotify, SmtpFailedRecipientException& exception)
   en System.Net.Mail.SmtpClient.Send(MailMessage message)
   en EnvioEmail.frmPrincipal.EnvioMails(String sMail, Int32 progreso, Int32 total)
10/09/2015 17:32:16 [LERROR] Error de envío:\n
	El servidor SMTP requiere una conexión segura o el cliente no se autenticó. La respuesta del servidor fue: 5.7.1 Authentication required
	System.Net.Mail.SmtpException: El servidor SMTP requiere una conexión segura o el cliente no se autenticó. La respuesta del servidor fue: 5.7.1 Authentication required
   en System.Net.Mail.MailCommand.CheckResponse(SmtpStatusCode statusCode, String response)
   en System.Net.Mail.MailCommand.Send(SmtpConnection conn, Byte[] command, String from)
   en System.Net.Mail.SmtpTransport.SendMail(MailAddress sender, MailAddressCollection recipients, String deliveryNotify, SmtpFailedRecipientException& exception)
   en System.Net.Mail.SmtpClient.Send(MailMessage message)
   en EnvioEmail.frmPrincipal.EnvioMails(String sMail, Int32 progreso, Int32 total)
10/09/2015 17:32:45 [LERROR] Error de envío:\n
	El servidor SMTP requiere una conexión segura o el cliente no se autenticó. La respuesta del servidor fue: 5.7.1 Authentication required
	System.Net.Mail.SmtpException: El servidor SMTP requiere una conexión segura o el cliente no se autenticó. La respuesta del servidor fue: 5.7.1 Authentication required
   en System.Net.Mail.MailCommand.CheckResponse(SmtpStatusCode statusCode, String response)
   en System.Net.Mail.MailCommand.Send(SmtpConnection conn, Byte[] command, String from)
   en System.Net.Mail.SmtpTransport.SendMail(MailAddress sender, MailAddressCollection recipients, String deliveryNotify, SmtpFailedRecipientException& exception)
   en System.Net.Mail.SmtpClient.Send(MailMessage message)
   en EnvioEmail.frmPrincipal.EnvioMails(String sMail, Int32 progreso, Int32 total)
10/09/2015 17:33:06 [LERROR] Error de envío:\n
	El servidor SMTP requiere una conexión segura o el cliente no se autenticó. La respuesta del servidor fue: 5.7.1 Authentication required
	System.Net.Mail.SmtpException: El servidor SMTP requiere una conexión segura o el cliente no se autenticó. La respuesta del servidor fue: 5.7.1 Authentication required
   en System.Net.Mail.MailCommand.CheckResponse(SmtpStatusCode statusCode, String response)
   en System.Net.Mail.MailCommand.Send(SmtpConnection conn, Byte[] command, String from)
   en System.Net.Mail.SmtpTransport.SendMail(MailAddress sender, MailAddressCollection recipients, String deliveryNotify, SmtpFailedRecipientException& exception)
   en System.Net.Mail.SmtpClient.Send(MailMessage message)
   en EnvioEmail.frmPrincipal.EnvioMails(String sMail, Int32 progreso, Int32 total)
10/09/2015 17:33:22 [LERROR] Error de envío:\n
	El servidor SMTP requiere una conexión segura o el cliente no se autenticó. La respuesta del servidor fue: 5.7.1 Authentication required
	System.Net.Mail.SmtpException: El servidor SMTP requiere una conexión segura o el cliente no se autenticó. La respuesta del servidor fue: 5.7.1 Authentication required
   en System.Net.Mail.MailCommand.CheckResponse(SmtpStatusCode statusCode, String response)
   en System.Net.Mail.MailCommand.Send(SmtpConnection conn, Byte[] command, String from)
   en System.Net.Mail.SmtpTransport.SendMail(MailAddress sender, MailAddressCollection recipients, String deliveryNotify, SmtpFailedRecipientException& exception)
   en System.Net.Mail.SmtpClient.Send(MailMessage message)
   en EnvioEmail.frmPrincipal.EnvioMails(String sMail, Int32 progreso, Int32 total)
10/09/2015 17:34:02 [LERROR] Error de envío:\n
	El servidor SMTP requiere una conexión segura o el cliente no se autenticó. La respuesta del servidor fue: 5.7.1 Authentication required
	System.Net.Mail.SmtpException: El servidor SMTP requiere una conexión segura o el cliente no se autenticó. La respuesta del servidor fue: 5.7.1 Authentication required
   en System.Net.Mail.MailCommand.CheckResponse(SmtpStatusCode statusCode, String response)
   en System.Net.Mail.MailCommand.Send(SmtpConnection conn, Byte[] command, String from)
   en System.Net.Mail.SmtpTransport.SendMail(MailAddress sender, MailAddressCollection recipients, String deliveryNotify, SmtpFailedRecipientException& exception)
   en System.Net.Mail.SmtpClient.Send(MailMessage message)
   en EnvioEmail.frmPrincipal.EnvioMails(String sMail, Int32 progreso, Int32 total)
10/09/2015 17:34:20 [LERROR] Error de envío:\n
	El servidor SMTP requiere una conexión segura o el cliente no se autenticó. La respuesta del servidor fue: 5.7.1 Authentication required
	System.Net.Mail.SmtpException: El servidor SMTP requiere una conexión segura o el cliente no se autenticó. La respuesta del servidor fue: 5.7.1 Authentication required
   en System.Net.Mail.MailCommand.CheckResponse(SmtpStatusCode statusCode, String response)
   en System.Net.Mail.MailCommand.Send(SmtpConnection conn, Byte[] command, String from)
   en System.Net.Mail.SmtpTransport.SendMail(MailAddress sender, MailAddressCollection recipients, String deliveryNotify, SmtpFailedRecipientException& exception)
   en System.Net.Mail.SmtpClient.Send(MailMessage message)
   en EnvioEmail.frmPrincipal.EnvioMails(String sMail, Int32 progreso, Int32 total)
10/09/2015 17:35:08 [LERROR] Error de envío:\n
	El servidor SMTP requiere una conexión segura o el cliente no se autenticó. La respuesta del servidor fue: 5.7.1 Authentication required
	System.Net.Mail.SmtpException: El servidor SMTP requiere una conexión segura o el cliente no se autenticó. La respuesta del servidor fue: 5.7.1 Authentication required
   en System.Net.Mail.MailCommand.CheckResponse(SmtpStatusCode statusCode, String response)
   en System.Net.Mail.MailCommand.Send(SmtpConnection conn, Byte[] command, String from)
   en System.Net.Mail.SmtpTransport.SendMail(MailAddress sender, MailAddressCollection recipients, String deliveryNotify, SmtpFailedRecipientException& exception)
   en System.Net.Mail.SmtpClient.Send(MailMessage message)
   en EnvioEmail.frmPrincipal.EnvioMails(String sMail, Int32 progreso, Int32 total)
